18:51:48: Creating resource group General
18:51:48: Creating resource group Internal
18:51:48: Creating resource group Autodetect
18:51:48: SceneManagerFactory for type 'DefaultSceneManager' registered.
18:51:48: Registering ResourceManager for type Material
18:51:48: Registering ResourceManager for type Mesh
18:51:48: Registering ResourceManager for type Skeleton
18:51:48: MovableObjectFactory for type 'ParticleSystem' registered.
18:51:48: ArchiveFactory for archive type FileSystem registered.
18:51:48: ArchiveFactory for archive type Zip registered.
18:51:48: ArchiveFactory for archive type EmbeddedZip registered.
18:51:48: DDS codec registering
18:51:48: FreeImage version: 3.13.1
18:51:48: This program uses FreeImage, a free, open source image library supporting all common bitmap formats. See http://freeimage.sourceforge.net for details
18:51:48: Supported formats: bmp,ico,jpg,jif,jpeg,jpe,jng,koa,iff,lbm,mng,pbm,pbm,pcd,pcx,pgm,pgm,png,ppm,ppm,ras,tga,targa,tif,tiff,wap,wbmp,wbm,psd,cut,xbm,xpm,gif,hdr,g3,sgi,exr,j2k,j2c,jp2,pfm,pct,pict,pic,bay,bmq,cr2,crw,cs1,dc2,dcr,dng,erf,fff,hdr,k25,kdc,mdc,mos,mrw,nef,orf,pef,pxn,raf,raw,rdc,sr2,srf,arw,3fr,cine,ia,kc2,mef,nrw,qtk,rw2,sti,drf,dsc,ptx,cap,iiq,rwz
18:51:48: Registering ResourceManager for type HighLevelGpuProgram
18:51:48: Registering ResourceManager for type Compositor
18:51:48: MovableObjectFactory for type 'Entity' registered.
18:51:48: MovableObjectFactory for type 'Light' registered.
18:51:48: MovableObjectFactory for type 'BillboardSet' registered.
18:51:48: MovableObjectFactory for type 'ManualObject' registered.
18:51:48: MovableObjectFactory for type 'BillboardChain' registered.
18:51:48: MovableObjectFactory for type 'RibbonTrail' registered.
18:51:48: Loading library .\RenderSystem_GL
18:51:48: Installing plugin: GL RenderSystem
18:51:48: OpenGL Rendering Subsystem created.
18:51:52: Plugin successfully installed
18:51:52: Loading library .\Plugin_Spacescape
18:51:52: Installing plugin: Spacescape
18:51:52: Plugin successfully installed
18:51:52: *-*-* OGRE Initialising
18:51:52: *-*-* Version 1.10.0unstable (Xalafu)
18:51:52: CPU Identifier & Features
18:51:52: -------------------------
18:51:52:  *   CPU ID: AuthenticAMD: AMD Turion(tm) X2 Dual-Core Mobile RM-74
18:51:52:  *      SSE: yes
18:51:52:  *     SSE2: yes
18:51:52:  *     SSE3: yes
18:51:52:  *      MMX: yes
18:51:52:  *   MMXEXT: yes
18:51:52:  *    3DNOW: yes
18:51:52:  * 3DNOWEXT: yes
18:51:52:  *     CMOV: yes
18:51:52:  *      TSC: yes
18:51:52:  *      FPU: yes
18:51:52:  *      PRO: yes
18:51:52:  *       HT: no
18:51:52: -------------------------
18:51:52: *** Starting Win32GL Subsystem ***
18:51:52: Registering ResourceManager for type Texture
18:51:52: GLRenderSystem::_createRenderWindow "View41976856", 570x479 windowed  miscParams: externalWindowHandle=1837184 
18:51:52: GL_VERSION = 3.3.11672 Compatibility Profile Context
18:51:52: GL_VENDOR = ATI Technologies Inc.
18:51:52: GL_RENDERER = ATI Mobility Radeon HD 4500/5100 Series
18:51:52: GL_EXTENSIONS = GL_AMDX_debug_output GL_AMDX_vertex_shader_tessellator GL_AMD_conservative_depth GL_AMD_debug_output GL_AMD_depth_clamp_separate GL_AMD_draw_buffers_blend GL_AMD_name_gen_delete GL_AMD_performance_monitor GL_AMD_pinned_memory GL_AMD_sample_positions GL_AMD_seamless_cubemap_per_texture GL_AMD_shader_stencil_export GL_AMD_texture_cube_map_array GL_AMD_texture_texture4 GL_AMD_vertex_shader_tessellator GL_ARB_ES2_compatibility GL_ARB_base_instance GL_ARB_blend_func_extended GL_ARB_color_buffer_float GL_ARB_compressed_texture_pixel_storage GL_ARB_conservative_depth GL_ARB_copy_buffer GL_ARB_depth_buffer_float GL_ARB_depth_clamp GL_ARB_depth_texture GL_ARB_draw_buffers GL_ARB_draw_buffers_blend GL_ARB_draw_elements_base_vertex GL_ARB_draw_instanced GL_ARB_explicit_attrib_location GL_ARB_fragment_coord_conventions GL_ARB_fragment_program GL_ARB_fragment_program_shadow GL_ARB_fragment_shader GL_ARB_framebuffer_object GL_ARB_framebuffer_sRGB GL_ARB_geometry_shader4 GL_ARB_get_program_binary GL_ARB_half_float_pixel GL_ARB_half_float_vertex GL_ARB_imaging GL_ARB_instanced_arrays GL_ARB_internalformat_query GL_ARB_map_buffer_alignment GL_ARB_map_buffer_range GL_ARB_multisample GL_ARB_multitexture GL_ARB_occlusion_query GL_ARB_occlusion_query2 GL_ARB_pixel_buffer_object GL_ARB_point_parameters GL_ARB_point_sprite GL_ARB_provoking_vertex GL_ARB_sample_shading GL_ARB_sampler_objects GL_ARB_seamless_cube_map GL_ARB_separate_shader_objects GL_ARB_shader_bit_encoding GL_ARB_shader_objects GL_ARB_shader_precision GL_ARB_shader_stencil_export GL_ARB_shader_texture_lod GL_ARB_shading_language_100 GL_ARB_shading_language_420pack GL_ARB_shading_language_packing GL_ARB_shadow GL_ARB_shadow_ambient GL_ARB_sync GL_ARB_texture_border_clamp GL_ARB_texture_buffer_object GL_ARB_texture_buffer_object_rgb32 GL_ARB_texture_compression GL_ARB_texture_compression_rgtc GL_ARB_texture_cube_map GL_ARB_texture_cube_map_array GL_ARB_texture_env_add GL_ARB_texture_env_combine GL_ARB_texture_env_crossbar GL_ARB_texture_env_dot3 GL_ARB_texture_float GL_ARB_texture_gather GL_ARB_texture_mirrored_repeat GL_ARB_texture_multisample GL_ARB_texture_non_power_of_two GL_ARB_texture_query_lod GL_ARB_texture_rectangle GL_ARB_texture_rg GL_ARB_texture_rgb10_a2ui GL_ARB_texture_snorm GL_ARB_texture_storage GL_ARB_timer_query GL_ARB_transform_feedback2 GL_ARB_transform_feedback3 GL_ARB_transform_feedback_instanced GL_ARB_transpose_matrix GL_ARB_uniform_buffer_object GL_ARB_vertex_array_bgra GL_ARB_vertex_array_object GL_ARB_vertex_buffer_object GL_ARB_vertex_program GL_ARB_vertex_shader GL_ARB_vertex_type_2_10_10_10_rev GL_ARB_viewport_array GL_ARB_window_pos GL_ATI_draw_buffers GL_ATI_envmap_bumpmap GL_ATI_fragment_shader GL_ATI_meminfo GL_ATI_separate_stencil GL_ATI_texture_compression_3dc GL_ATI_texture_env_combine3 GL_ATI_texture_float GL_ATI_texture_mirror_once GL_EXT_abgr GL_EXT_bgra GL_EXT_bindable_uniform GL_EXT_blend_color GL_EXT_blend_equation_separate GL_EXT_blend_func_separate GL_EXT_blend_minmax GL_EXT_blend_subtract GL_EXT_compiled_vertex_array GL_EXT_copy_buffer GL_EXT_copy_texture GL_EXT_direct_state_access GL_EXT_draw_buffers2 GL_EXT_draw_instanced GL_EXT_draw_range_elements GL_EXT_fog_coord GL_EXT_framebuffer_blit GL_EXT_framebuffer_multisample GL_EXT_framebuffer_object GL_EXT_framebuffer_sRGB GL_EXT_geometry_shader4 GL_EXT_gpu_program_parameters GL_EXT_gpu_shader4 GL_EXT_histogram GL_EXT_multi_draw_arrays GL_EXT_packed_depth_stencil GL_EXT_packed_float GL_EXT_packed_pixels GL_EXT_pixel_buffer_object GL_EXT_point_parameters GL_EXT_provoking_vertex GL_EXT_rescale_normal GL_EXT_secondary_color GL_EXT_separate_specular_color GL_EXT_shadow_funcs GL_EXT_stencil_wrap GL_EXT_subtexture GL_EXT_texgen_reflection GL_EXT_texture3D GL_EXT_texture_array GL_EXT_texture_buffer_object GL_EXT_texture_compression_latc GL_EXT_texture_compression_rgtc GL_EXT_texture_compression_s3tc GL_EXT_texture_cube_map GL_EXT_texture_edge_clamp GL_EXT_texture_env_add GL_EXT_texture_env_combine GL_EXT_texture_env_dot3 GL_EXT_texture_filter_anisotropic GL_EXT_texture_integer GL_EXT_texture_lod GL_EXT_texture_lod_bias GL_EXT_texture_mirror_clamp GL_EXT_texture_object GL_EXT_texture_rectangle GL_EXT_texture_sRGB GL_EXT_texture_sRGB_decode GL_EXT_texture_shared_exponent GL_EXT_texture_snorm GL_EXT_texture_storage GL_EXT_texture_swizzle GL_EXT_timer_query GL_EXT_transform_feedback GL_EXT_vertex_array GL_EXT_vertex_array_bgra GL_IBM_texture_mirrored_repeat GL_KTX_buffer_region GL_NV_blend_square GL_NV_conditional_render GL_NV_copy_depth_to_color GL_NV_copy_image GL_NV_explicit_multisample GL_NV_float_buffer GL_NV_half_float GL_NV_primitive_restart GL_NV_texgen_reflection GL_NV_texture_barrier GL_SGIS_generate_mipmap GL_SGIS_texture_edge_clamp GL_SGIS_texture_lod GL_SUN_multi_draw_arrays GL_WIN_swap_hint WGL_EXT_swap_control
18:51:52: Supported WGL extensions: WGL_ARB_extensions_string WGL_ARB_pixel_format WGL_ATI_pixel_format_float WGL_ARB_pixel_format_float WGL_ARB_multisample WGL_EXT_swap_control WGL_EXT_swap_control_tear WGL_ARB_pbuffer WGL_ARB_render_texture WGL_ARB_make_current_read WGL_EXT_extensions_string WGL_ARB_buffer_region WGL_EXT_framebuffer_sRGB WGL_ATI_render_texture_rectangle WGL_EXT_pixel_format_packed_float WGL_I3D_genlock WGL_NV_swap_group WGL_ARB_create_context WGL_AMD_gpu_association WGL_AMDX_gpu_association WGL_ARB_create_context_profile WGL_NV_float_buffer
18:51:52: ***************************
18:51:52: *** GL Renderer Started ***
18:51:52: ***************************
18:51:52: Registering ResourceManager for type GpuProgram
18:51:52: GLSL support detected
18:51:52: GL: Using GL_EXT_framebuffer_object for rendering to textures (best)
18:51:52: FBO PF_UNKNOWN depth/stencil support: D0S1 D0S4 D0S8 D0S16 D16S0 D24S0 D32S0 Packed-D24S8 
18:51:52: FBO PF_L8 depth/stencil support: D0S0 D0S1 D0S4 D0S8 D0S16 D16S0 D24S0 D32S0 Packed-D24S8 
18:51:52: FBO PF_L16 depth/stencil support: D0S0 D0S1 D0S4 D0S8 D0S16 D16S0 D24S0 D32S0 Packed-D24S8 
18:51:52: FBO PF_A8 depth/stencil support: D0S0 D0S1 D0S4 D0S8 D0S16 D16S0 D24S0 D32S0 Packed-D24S8 
18:51:52: FBO PF_A4L4 depth/stencil support: D0S0 D0S1 D0S4 D0S8 D0S16 D16S0 D24S0 D32S0 Packed-D24S8 
18:51:52: FBO PF_BYTE_LA depth/stencil support: D0S0 D0S1 D0S4 D0S8 D0S16 D16S0 D24S0 D32S0 Packed-D24S8 
18:51:52: FBO PF_R5G6B5 depth/stencil support: D0S0 D0S1 D0S4 D0S8 D0S16 D16S0 D24S0 D32S0 Packed-D24S8 
18:51:52: FBO PF_B5G6R5 depth/stencil support: D0S0 D0S1 D0S4 D0S8 D0S16 D16S0 D24S0 D32S0 Packed-D24S8 
18:51:52: FBO PF_A4R4G4B4 depth/stencil support: D0S0 D0S1 D0S4 D0S8 D0S16 D16S0 D24S0 D32S0 Packed-D24S8 
18:51:52: FBO PF_A1R5G5B5 depth/stencil support: D0S0 D0S1 D0S4 D0S8 D0S16 D16S0 D24S0 D32S0 Packed-D24S8 
18:51:52: FBO PF_R8G8B8 depth/stencil support: D0S0 D0S1 D0S4 D0S8 D0S16 D16S0 D24S0 D32S0 Packed-D24S8 
18:51:52: FBO PF_B8G8R8 depth/stencil support: D0S0 D0S1 D0S4 D0S8 D0S16 D16S0 D24S0 D32S0 Packed-D24S8 
18:51:52: FBO PF_A8R8G8B8 depth/stencil support: D0S0 D0S1 D0S4 D0S8 D0S16 D16S0 D24S0 D32S0 Packed-D24S8 
18:51:52: FBO PF_B8G8R8A8 depth/stencil support: D0S0 D0S1 D0S4 D0S8 D0S16 D16S0 D24S0 D32S0 Packed-D24S8 
18:51:52: FBO PF_A2R10G10B10 depth/stencil support: D0S0 D0S1 D0S4 D0S8 D0S16 D16S0 D24S0 D32S0 Packed-D24S8 
18:51:52: FBO PF_A2B10G10R10 depth/stencil support: D0S0 D0S1 D0S4 D0S8 D0S16 D16S0 D24S0 D32S0 Packed-D24S8 
18:51:52: FBO PF_FLOAT16_RGB depth/stencil support: D0S0 D0S1 D0S4 D0S8 D0S16 D16S0 D24S0 D32S0 Packed-D24S8 
18:51:52: FBO PF_FLOAT16_RGBA depth/stencil support: D0S0 D0S1 D0S4 D0S8 D0S16 D16S0 D24S0 D32S0 Packed-D24S8 
18:51:52: FBO PF_FLOAT32_RGB depth/stencil support: D0S0 D0S1 D0S4 D0S8 D0S16 D16S0 D24S0 D32S0 Packed-D24S8 
18:51:52: FBO PF_FLOAT32_RGBA depth/stencil support: D0S0 D0S1 D0S4 D0S8 D0S16 D16S0 D24S0 D32S0 Packed-D24S8 
18:51:52: FBO PF_X8R8G8B8 depth/stencil support: D0S0 D0S1 D0S4 D0S8 D0S16 D16S0 D24S0 D32S0 Packed-D24S8 
18:51:52: FBO PF_X8B8G8R8 depth/stencil support: D0S0 D0S1 D0S4 D0S8 D0S16 D16S0 D24S0 D32S0 Packed-D24S8 
18:51:52: FBO PF_SHORT_RGBA depth/stencil support: D0S0 D0S1 D0S4 D0S8 D0S16 D16S0 D24S0 D32S0 Packed-D24S8 
18:51:52: FBO PF_R3G3B2 depth/stencil support: D0S0 D0S1 D0S4 D0S8 D0S16 D16S0 D24S0 D32S0 Packed-D24S8 
18:51:52: FBO PF_FLOAT16_R depth/stencil support: D0S0 D0S1 D0S4 D0S8 D0S16 D16S0 D24S0 D32S0 Packed-D24S8 
18:51:53: FBO PF_FLOAT32_R depth/stencil support: D0S0 D0S1 D0S4 D0S8 D0S16 D16S0 D24S0 D32S0 Packed-D24S8 
18:51:53: FBO PF_SHORT_GR depth/stencil support: D0S0 D0S1 D0S4 D0S8 D0S16 D16S0 D24S0 D32S0 Packed-D24S8 
18:51:53: FBO PF_FLOAT16_GR depth/stencil support: D0S0 D0S1 D0S4 D0S8 D0S16 D16S0 D24S0 D32S0 Packed-D24S8 
18:51:53: FBO PF_FLOAT32_GR depth/stencil support: D0S0 D0S1 D0S4 D0S8 D0S16 D16S0 D24S0 D32S0 Packed-D24S8 
18:51:53: FBO PF_SHORT_RGB depth/stencil support: D0S0 D0S1 D0S4 D0S8 D0S16 D16S0 D24S0 D32S0 Packed-D24S8 
18:51:53: [GL] : Valid FBO targets PF_UNKNOWN PF_L8 PF_L16 PF_A8 PF_A4L4 PF_BYTE_LA PF_R5G6B5 PF_B5G6R5 PF_A4R4G4B4 PF_A1R5G5B5 PF_R8G8B8 PF_B8G8R8 PF_A8R8G8B8 PF_B8G8R8A8 PF_A2R10G10B10 PF_A2B10G10R10 PF_FLOAT16_RGB PF_FLOAT16_RGBA PF_FLOAT32_RGB PF_FLOAT32_RGBA PF_X8R8G8B8 PF_X8B8G8R8 PF_SHORT_RGBA PF_R3G3B2 PF_FLOAT16_R PF_FLOAT32_R PF_SHORT_GR PF_FLOAT16_GR PF_FLOAT32_GR PF_SHORT_RGB 
18:51:53: RenderSystem capabilities
18:51:53: -------------------------
18:51:53: RenderSystem Name: OpenGL Rendering Subsystem
18:51:53: GPU Vendor: amd
18:51:53: Device Name: ATI Mobility Radeon HD 4500/5100 Series
18:51:53: Driver Version: 3.3.11672.0
18:51:53:  * Fixed function pipeline: yes
18:51:53:  * Hardware generation of mipmaps: yes
18:51:53:  * Texture blending: yes
18:51:53:  * Anisotropic texture filtering: yes
18:51:53:  * Dot product texture operation: yes
18:51:53:  * Cube mapping: yes
18:51:53:  * Hardware stencil buffer: yes
18:51:53:    - Stencil depth: 8
18:51:53:    - Two sided stencil support: yes
18:51:53:    - Wrap stencil values: yes
18:51:53:  * Hardware vertex / index buffers: yes
18:51:53:  * 32-bit index buffers: yes
18:51:53:  * Vertex programs: yes
18:51:53:  * Number of floating-point constants for vertex programs: 256
18:51:53:  * Number of integer constants for vertex programs: 0
18:51:53:  * Number of boolean constants for vertex programs: 0
18:51:53:  * Fragment programs: yes
18:51:53:  * Number of floating-point constants for fragment programs: 256
18:51:53:  * Number of integer constants for fragment programs: 0
18:51:53:  * Number of boolean constants for fragment programs: 0
18:51:53:  * Geometry programs: yes
18:51:53:  * Number of floating-point constants for geometry programs: 16384
18:51:53:  * Number of integer constants for geometry programs: 0
18:51:53:  * Number of boolean constants for geometry programs: 0
18:51:53:  * Tessellation Hull programs: no
18:51:53:  * Number of floating-point constants for tessellation hull programs: 0
18:51:53:  * Number of integer constants for tessellation hull programs: 0
18:51:53:  * Number of boolean constants for tessellation hull programs: 0
18:51:53:  * Tessellation Domain programs: no
18:51:53:  * Number of floating-point constants for tessellation domain programs: 0
18:51:53:  * Number of integer constants for tessellation domain programs: 0
18:51:53:  * Number of boolean constants for tessellation domain programs: 0
18:51:53:  * Compute programs: no
18:51:53:  * Number of floating-point constants for compute programs: 0
18:51:53:  * Number of integer constants for compute programs: 0
18:51:53:  * Number of boolean constants for compute programs: 0
18:51:53:  * Supported Shader Profiles: arbfp1 arbvp1 glsl glsl100 glsl110 glsl120 gp4gp gpu_gp nvgp4 ps_1_1 ps_1_2 ps_1_3 ps_1_4
18:51:53:  * Texture Compression: yes
18:51:53:    - DXT: yes
18:51:53:    - VTC: no
18:51:53:    - PVRTC: no
18:51:53:    - ATC: no
18:51:53:    - ETC1: no
18:51:53:    - ETC2: no
18:51:53:    - BC4/BC5: no
18:51:53:    - BC6H/BC7: no
18:51:53:  * Scissor Rectangle: yes
18:51:53:  * Hardware Occlusion Query: yes
18:51:53:  * User clip planes: yes
18:51:53:  * VET_UBYTE4 vertex element type: yes
18:51:53:  * Infinite far plane projection: yes
18:51:53:  * Hardware render-to-texture: yes
18:51:53:  * Floating point textures: yes
18:51:53:  * Non-power-of-two textures: yes
18:51:53:  * 1d textures: yes
18:51:53:  * Volume textures: yes
18:51:53:  * Multiple Render Targets: 8
18:51:53:    - With different bit depths: yes
18:51:53:  * Point Sprites: yes
18:51:53:  * Extended point parameters: yes
18:51:53:  * Max Point Size: 8192
18:51:53:  * Vertex texture fetch: yes
18:51:53:  * Number of world matrices: 0
18:51:53:  * Number of texture units: 16
18:51:53:  * Stencil buffer depth: 8
18:51:53:  * Number of vertex blend matrices: 0
18:51:53:    - Max vertex textures: 16
18:51:53:    - Vertex textures shared: yes
18:51:53:  * Render to Vertex Buffer : no
18:51:53:  * Hardware Atomic Counters: no
18:51:53:  * GL 1.5 without VBO workaround: no
18:51:53:  * Frame Buffer objects: yes
18:51:53:  * Frame Buffer objects (ARB extension): no
18:51:53:  * Frame Buffer objects (ATI extension): no
18:51:53:  * PBuffer support: yes
18:51:53:  * GL 1.5 without HW-occlusion workaround: no
18:51:53:  * Vertex Array Objects: no
18:51:53:  * Separate shader objects: no
18:51:53: DefaultWorkQueue('Root') initialising on thread main.
18:51:53: Particle Renderer Type 'billboard' registered
18:51:53: Added resource location '../../../media' of type 'FileSystem' to resource group 'General'
18:51:53: Added resource location '../../../media/materials/textures' of type 'FileSystem' to resource group 'General'
18:51:53: Parsing scripts for resource group Autodetect
18:51:53: Finished parsing scripts for resource group Autodetect
18:51:53: Creating resources for group Autodetect
18:51:53: All done
18:51:53: Parsing scripts for resource group General
18:51:53: Finished parsing scripts for resource group General
18:51:53: Creating resources for group General
18:51:53: All done
18:51:53: Parsing scripts for resource group Internal
18:51:53: Finished parsing scripts for resource group Internal
18:51:53: Creating resources for group Internal
18:51:53: All done
18:52:13: Loading C:/Users/Vanya/Documents/PROG/Unity Projects/Snake 3D/_3rd Party/spacescape-0.5.1/save/fuzzy-stars.xml
18:52:13: Creating Noise SpacescapeLayer
18:52:14: GLSL compiled: Vertex shader was successfully compiled to run on hardware.

18:52:14: GLSL compiled: Fragment shader was successfully compiled to run on hardware.

18:52:14: Vertex Program:spacescape_noise_glsl_vp Fragment Program:spacescape_noise_glsl_ridged_fp GLSL link result : Validation failed! - Different sampler types for same sample texture unit in fragment shader.

18:52:14: Creating Noise SpacescapeLayer
18:52:28: OGRE EXCEPTION(5:ItemIdentityException): Child node named SpacescapeDebugBoxNode does not exist. in Node::getChild at ..\..\OgreMain\src\OgreNode.cpp (line 726)
18:52:28: Texture: debug_front.png: Loading 1 faces(PF_A8R8G8B8,128x128x1) with 7 hardware generated mipmaps from Image. Internal format is PF_A8R8G8B8,128x128x1.
18:52:28: Texture: debug_back.png: Loading 1 faces(PF_A8R8G8B8,128x128x1) with 7 hardware generated mipmaps from Image. Internal format is PF_A8R8G8B8,128x128x1.
18:52:28: Texture: debug_left.png: Loading 1 faces(PF_A8R8G8B8,128x128x1) with 7 hardware generated mipmaps from Image. Internal format is PF_A8R8G8B8,128x128x1.
18:52:28: Texture: debug_right.png: Loading 1 faces(PF_A8R8G8B8,128x128x1) with 7 hardware generated mipmaps from Image. Internal format is PF_A8R8G8B8,128x128x1.
18:52:28: Texture: debug_top.png: Loading 1 faces(PF_A8R8G8B8,128x128x1) with 7 hardware generated mipmaps from Image. Internal format is PF_A8R8G8B8,128x128x1.
18:52:28: Texture: debug_bottom.png: Loading 1 faces(PF_A8R8G8B8,128x128x1) with 7 hardware generated mipmaps from Image. Internal format is PF_A8R8G8B8,128x128x1.
18:52:45: Loading C:/Users/Vanya/Documents/PROG/Unity Projects/Snake 3D/_3rd Party/spacescape-0.5.1/save/green-nebula-stars.xml
18:52:45: Creating Noise SpacescapeLayer
18:52:45: GLSL compiled: Fragment shader was successfully compiled to run on hardware.

18:52:45: Vertex Program:spacescape_noise_glsl_vp Fragment Program:spacescape_noise_glsl_fbm_fp GLSL link result : Validation failed! - Different sampler types for same sample texture unit in fragment shader.

18:52:46: Creating Points SpacescapeLayer
18:52:47: Creating Points SpacescapeLayer
18:52:47: Creating Points SpacescapeLayer
18:52:47: Creating Points SpacescapeLayer
18:52:47: Creating Billboards SpacescapeLayer
18:52:47: Texture: flare-green1.png: Loading 1 faces(PF_A8R8G8B8,512x512x1) with 9 hardware generated mipmaps from Image. Internal format is PF_A8R8G8B8,512x512x1.
18:52:47: MovableObjectFactory for type 'SpacescapeBillboardSet' registered.
18:52:48: Creating Noise SpacescapeLayer
18:52:48: Creating Noise SpacescapeLayer
18:52:48: Creating Points SpacescapeLayer
18:52:49: Creating Points SpacescapeLayer
18:53:01: Loading C:/Users/Vanya/Documents/PROG/Unity Projects/Snake 3D/_3rd Party/spacescape-0.5.1/save/hdr1.xml
18:53:01: Creating Noise SpacescapeLayer
18:53:01: Creating Noise SpacescapeLayer
18:53:01: Creating Billboards SpacescapeLayer
18:53:01: Texture: hdr-flare-white2.exr: Loading 1 faces(PF_FLOAT32_RGBA,256x256x1) with 8 hardware generated mipmaps from Image. Internal format is PF_FLOAT32_RGBA,256x256x1.
18:53:01: Creating Billboards SpacescapeLayer
18:53:09: Loading C:/Users/Vanya/Documents/PROG/Unity Projects/Snake 3D/_3rd Party/spacescape-0.5.1/save/purple-nebula.xml
18:53:09: Creating Noise SpacescapeLayer
18:53:09: Creating Noise SpacescapeLayer
18:53:09: Creating Noise SpacescapeLayer
18:53:09: Creating Points SpacescapeLayer
18:53:10: Creating Points SpacescapeLayer
18:53:10: Creating Billboards SpacescapeLayer
18:53:10: Texture: flare-blue-spikey1.png: Loading 1 faces(PF_A8R8G8B8,512x512x1) with 9 hardware generated mipmaps from Image. Internal format is PF_A8R8G8B8,512x512x1.
18:53:10: Creating Billboards SpacescapeLayer
18:53:10: Texture: flare-blue-purple2.png: Loading 1 faces(PF_A8R8G8B8,512x512x1) with 9 hardware generated mipmaps from Image. Internal format is PF_A8R8G8B8,512x512x1.
18:53:10: Creating Noise SpacescapeLayer
18:53:10: Creating Points SpacescapeLayer
18:53:10: Creating Points SpacescapeLayer
18:53:11: Creating Noise SpacescapeLayer
18:53:11: Creating Billboards SpacescapeLayer
18:53:11: Texture: flare-red1.png: Loading 1 faces(PF_A8R8G8B8,512x512x1) with 9 hardware generated mipmaps from Image. Internal format is PF_A8R8G8B8,512x512x1.
18:53:21: Loading C:/Users/Vanya/Documents/PROG/Unity Projects/Snake 3D/_3rd Party/spacescape-0.5.1/save/purple-nebula-complex.xml
18:53:21: Creating Noise SpacescapeLayer
18:53:21: Creating Points SpacescapeLayer
18:53:21: Creating Noise SpacescapeLayer
18:53:21: Creating Points SpacescapeLayer
18:53:21: Creating Points SpacescapeLayer
18:53:21: Creating Noise SpacescapeLayer
18:53:21: Creating Noise SpacescapeLayer
18:53:21: Creating Billboards SpacescapeLayer
18:53:23: Creating Billboards SpacescapeLayer
18:53:23: Creating Billboards SpacescapeLayer
18:53:23: Texture: flare-red-yellow1.png: Loading 1 faces(PF_A8R8G8B8,512x512x1) with 9 hardware generated mipmaps from Image. Internal format is PF_A8R8G8B8,512x512x1.
18:53:23: Creating Points SpacescapeLayer
18:53:23: Creating Points SpacescapeLayer
18:53:23: Creating Points SpacescapeLayer
18:53:24: Creating Points SpacescapeLayer
18:53:24: Creating Points SpacescapeLayer
18:53:24: Creating Noise SpacescapeLayer
18:53:24: Creating Noise SpacescapeLayer
18:53:24: Creating Noise SpacescapeLayer
18:53:24: Creating Billboards SpacescapeLayer
18:54:26: Writing to file C:/Users/Vanya/Documents/PROG/Unity Projects/Snake 3D/Assets/Textures/Space Skybox 2/bkg1_bot.png size: 512
18:54:26: Updating RTT
18:54:26: RTT Format 12
18:54:26: Saving image C:/Users/Vanya/Documents/PROG/Unity Projects/Snake 3D/Assets/Textures/Space Skybox 2/bkg1_bot_right.png
18:54:27: Saving image C:/Users/Vanya/Documents/PROG/Unity Projects/Snake 3D/Assets/Textures/Space Skybox 2/bkg1_bot_left.png
18:54:27: Saving image C:/Users/Vanya/Documents/PROG/Unity Projects/Snake 3D/Assets/Textures/Space Skybox 2/bkg1_bot_up.png
18:54:27: Saving image C:/Users/Vanya/Documents/PROG/Unity Projects/Snake 3D/Assets/Textures/Space Skybox 2/bkg1_bot_down.png
18:54:27: Saving image C:/Users/Vanya/Documents/PROG/Unity Projects/Snake 3D/Assets/Textures/Space Skybox 2/bkg1_bot_front.png
18:54:28: Saving image C:/Users/Vanya/Documents/PROG/Unity Projects/Snake 3D/Assets/Textures/Space Skybox 2/bkg1_bot_back.png
18:54:28: Export complete
18:55:14: Writing to file C:/Users/Vanya/Documents/PROG/Unity Projects/Snake 3D/Assets/Textures/Space Skybox 2/Space skybox 2.png size: 512
18:55:14: Updating RTT
18:55:14: Saving image C:/Users/Vanya/Documents/PROG/Unity Projects/Snake 3D/Assets/Textures/Space Skybox 2/Space skybox 2_right.png
18:55:15: Saving image C:/Users/Vanya/Documents/PROG/Unity Projects/Snake 3D/Assets/Textures/Space Skybox 2/Space skybox 2_left.png
18:55:15: Saving image C:/Users/Vanya/Documents/PROG/Unity Projects/Snake 3D/Assets/Textures/Space Skybox 2/Space skybox 2_up.png
18:55:15: Saving image C:/Users/Vanya/Documents/PROG/Unity Projects/Snake 3D/Assets/Textures/Space Skybox 2/Space skybox 2_down.png
18:55:15: Saving image C:/Users/Vanya/Documents/PROG/Unity Projects/Snake 3D/Assets/Textures/Space Skybox 2/Space skybox 2_front.png
18:55:15: Saving image C:/Users/Vanya/Documents/PROG/Unity Projects/Snake 3D/Assets/Textures/Space Skybox 2/Space skybox 2_back.png
18:55:16: Export complete
