E:\MY GAME'S\PROJECTS\PROJECTS\GAMEENGINE\DEBUG\GAME.OBJ
E:\MY GAME'S\PROJECTS\PROJECTS\GAMEENGINE\DEBUG\GRAPHICS.OBJ
E:\MY GAME'S\PROJECTS\PROJECTS\GAMEENGINE\DEBUG\INPUT.OBJ
E:\MY GAME'S\PROJECTS\PROJECTS\GAMEENGINE\DEBUG\SPACEWAR.OBJ
E:\MY GAME'S\PROJECTS\PROJECTS\GAMEENGINE\DEBUG\WINMAIN.OBJ
E:\MY GAME'S\PROJECTS\PROJECTS\GAMEENGINE\DEBUG\VC110.PDB
E:\MY GAME'S\PROJECTS\PROJECTS\GAMEENGINE\DEBUG\GAMEENGINE.ILK
E:\MY GAME'S\PROJECTS\PROJECTS\GAMEENGINE\DEBUG\GAMEENGINE.EXE
E:\MY GAME'S\PROJECTS\PROJECTS\GAMEENGINE\DEBUG\GAMEENGINE.PDB
E:\My game's\Projects\Projects\GameEngine\Debug\game.obj
E:\My game's\Projects\Projects\GameEngine\Debug\graphics.obj
E:\My game's\Projects\Projects\GameEngine\Debug\input.obj
E:\My game's\Projects\Projects\GameEngine\Debug\spacewar.obj
E:\My game's\Projects\Projects\GameEngine\Debug\winmain.obj
E:\My game's\Projects\Projects\GameEngine\Debug\EnginePart1.ilk
E:\My game's\Projects\Projects\GameEngine\Debug\GameEngine.ilk
E:\My game's\Projects\Projects\GameEngine\Debug\cl.command.1.tlog
E:\My game's\Projects\Projects\GameEngine\Debug\CL.read.1.tlog
E:\My game's\Projects\Projects\GameEngine\Debug\CL.write.1.tlog
E:\My game's\Projects\Projects\GameEngine\Debug\link-cvtres.read.1.tlog
E:\My game's\Projects\Projects\GameEngine\Debug\link-cvtres.write.1.tlog
E:\My game's\Projects\Projects\GameEngine\Debug\link-rc.read.1.tlog
E:\My game's\Projects\Projects\GameEngine\Debug\link-rc.write.1.tlog
E:\My game's\Projects\Projects\GameEngine\Debug\link.command.1.tlog
E:\My game's\Projects\Projects\GameEngine\Debug\link.read.1.tlog
E:\My game's\Projects\Projects\GameEngine\Debug\link.write.1.tlog
E:\My game's\Projects\Projects\GameEngine\Debug\vc110.idb
E:\My game's\Projects\Projects\GameEngine\Debug\EnginePart1.pdb
E:\My game's\Projects\Projects\GameEngine\Debug\GameEngine.pdb
E:\My game's\Projects\Projects\GameEngine\Debug\vc110.pdb
E:\My game's\Projects\Projects\GameEngine\Debug\GameEngine.exe
